<?xml version="1.0" encoding="UTF-8"?><testsuite failures="1" name="cucumber.runtime.formatter.JUnitFormatter" skipped="0" tests="1" time="29.063649">
<testcase classname="OTI Homepage" name="Verify the SignIn button on OTI homepage" time="29.063649">
<failure message="junit.framework.AssertionFailedError: expected:&lt;true&gt; but was:&lt;false&gt;&#13;&#10;&#9;at junit.framework.Assert.fail(Assert.java:57)&#13;&#10;&#9;at junit.framework.Assert.failNotEquals(Assert.java:329)&#13;&#10;&#9;at junit.framework.Assert.assertEquals(Assert.java:78)&#13;&#10;&#9;at junit.framework.Assert.assertEquals(Assert.java:174)&#13;&#10;&#9;at junit.framework.Assert.assertEquals(Assert.java:181)&#13;&#10;&#9;at com.webuitests.cuketests.OTIhomepage.the_SignIn_button_is_visible(OTIhomepage.java:40)&#13;&#10;&#9;at ✽.Then the SignIn button is visible(src/test/resources/features/OUASignIn.feature:8)&#13;&#10;"><![CDATA[Given a vistior uses desktop browser........................................passed
When a visitor to OTI homepage..............................................passed
Then the SignIn button is visible...........................................failed

StackTrace:
junit.framework.AssertionFailedError: expected:<true> but was:<false>
	at junit.framework.Assert.fail(Assert.java:57)
	at junit.framework.Assert.failNotEquals(Assert.java:329)
	at junit.framework.Assert.assertEquals(Assert.java:78)
	at junit.framework.Assert.assertEquals(Assert.java:174)
	at junit.framework.Assert.assertEquals(Assert.java:181)
	at com.webuitests.cuketests.OTIhomepage.the_SignIn_button_is_visible(OTIhomepage.java:40)
	at ✽.Then the SignIn button is visible(src/test/resources/features/OUASignIn.feature:8)
]]></failure>
</testcase>
</testsuite>
