<?xml version="1.0" encoding="UTF-8"?><testsuite failures="1" name="cucumber.runtime.formatter.JUnitFormatter" skipped="0" tests="1" time="47.620423">
<testcase classname="OTI Homepage Validation" name="Verify the menuitems visible under menu onmobile" time="47.620423">
<failure message="org.openqa.selenium.NoSuchElementException: no such element&#10;  (Session info: chrome=44.0.2403.155)&#10;  (Driver info: chromedriver=2.15.322448 (52179c1b310fec1797c81ea9a20326839860b7d3),platform=Windows NT 6.1 SP1 x86_64) (WARNING: The server did not provide any stacktrace information)&#10;Command duration or timeout: 31.93 seconds&#10;For documentation on this error, please visit: http://seleniumhq.org/exceptions/no_such_element.html&#10;Build info: version: '2.47.1', revision: 'unknown', time: '2015-07-30 11:02:44'&#10;System info: host: 'BG4WS0866', ip: '172.29.93.156', os.name: 'Windows 7', os.arch: 'amd64', os.version: '6.1', java.version: '1.8.0_51'&#10;Driver info: org.openqa.selenium.chrome.ChromeDriver&#10;Capabilities [{applicationCacheEnabled=false, rotatable=false, mobileEmulationEnabled=false, chrome={userDataDir=C:\Users\lokesh.lr\AppData\Local\Temp\scoped_dir3564_30300}, takesHeapSnapshot=true, databaseEnabled=false, handlesAlerts=true, version=44.0.2403.155, platform=XP, browserConnectionEnabled=false, nativeEvents=true, acceptSslCerts=true, locationContextEnabled=true, webStorageEnabled=true, browserName=chrome, takesScreenshot=true, javascriptEnabled=true, cssSelectorsEnabled=true}]&#10;Session ID: d906ee1c248bcee564c981130fdd4c7e&#10;*** Element info: {Using=xpath, value=//a[contains(text(),'Home1')]}&#13;&#10;&#9;at sun.reflect.NativeConstructorAccessorImpl.newInstance0(Native Method)&#13;&#10;&#9;at sun.reflect.NativeConstructorAccessorImpl.newInstance(NativeConstructorAccessorImpl.java:62)&#13;&#10;&#9;at sun.reflect.DelegatingConstructorAccessorImpl.newInstance(DelegatingConstructorAccessorImpl.java:45)&#13;&#10;&#9;at java.lang.reflect.Constructor.newInstance(Constructor.java:422)&#13;&#10;&#9;at org.openqa.selenium.remote.ErrorHandler.createThrowable(ErrorHandler.java:206)&#13;&#10;&#9;at org.openqa.selenium.remote.ErrorHandler.throwIfResponseFailed(ErrorHandler.java:158)&#13;&#10;&#9;at org.openqa.selenium.remote.RemoteWebDriver.execute(RemoteWebDriver.java:595)&#13;&#10;&#9;at org.openqa.selenium.remote.RemoteWebDriver.findElement(RemoteWebDriver.java:348)&#13;&#10;&#9;at org.openqa.selenium.remote.RemoteWebDriver.findElementByXPath(RemoteWebDriver.java:445)&#13;&#10;&#9;at org.openqa.selenium.By$ByXPath.findElement(By.java:358)&#13;&#10;&#9;at org.openqa.selenium.remote.RemoteWebDriver.findElement(RemoteWebDriver.java:340)&#13;&#10;&#9;at com.oti.pom.OTIMenuItems.homeNavBar(OTIMenuItems.java:24)&#13;&#10;&#9;at com.webuitests.cuketests.OTIMenuITems_Validation_DeskTP.the_Home_nevbar_is_visible(OTIMenuITems_Validation_DeskTP.java:29)&#13;&#10;&#9;at ✽.Then the 'Home' nevbar menuitem is visible(verifyhompage_menuitems.feature:19)&#13;&#10;"><![CDATA[Given a visitor to OTI hompage using mobile browser.........................passed
When a vistor tap on the 'menu' nevbar......................................passed
Then the 'Home' nevbar menuitem is visible..................................failed
Then the 'View courses' nevbar menuitem is visible..........................skipped
Then the 'Study online' nevbar menuitem is visible..........................skipped
Then the 'How we support you' nevbar menuitem is visible....................skipped
Then the 'Study online' nevbar menuitem is visible..........................skipped
Then the 'Pricing' nevbar menuitem is visible...............................skipped
Then the 'Why us?' nevbar menuitem is visible...............................skipped

StackTrace:
org.openqa.selenium.NoSuchElementException: no such element
  (Session info: chrome=44.0.2403.155)
  (Driver info: chromedriver=2.15.322448 (52179c1b310fec1797c81ea9a20326839860b7d3),platform=Windows NT 6.1 SP1 x86_64) (WARNING: The server did not provide any stacktrace information)
Command duration or timeout: 31.93 seconds
For documentation on this error, please visit: http://seleniumhq.org/exceptions/no_such_element.html
Build info: version: '2.47.1', revision: 'unknown', time: '2015-07-30 11:02:44'
System info: host: 'BG4WS0866', ip: '172.29.93.156', os.name: 'Windows 7', os.arch: 'amd64', os.version: '6.1', java.version: '1.8.0_51'
Driver info: org.openqa.selenium.chrome.ChromeDriver
Capabilities [{applicationCacheEnabled=false, rotatable=false, mobileEmulationEnabled=false, chrome={userDataDir=C:\Users\lokesh.lr\AppData\Local\Temp\scoped_dir3564_30300}, takesHeapSnapshot=true, databaseEnabled=false, handlesAlerts=true, version=44.0.2403.155, platform=XP, browserConnectionEnabled=false, nativeEvents=true, acceptSslCerts=true, locationContextEnabled=true, webStorageEnabled=true, browserName=chrome, takesScreenshot=true, javascriptEnabled=true, cssSelectorsEnabled=true}]
Session ID: d906ee1c248bcee564c981130fdd4c7e
*** Element info: {Using=xpath, value=//a[contains(text(),'Home1')]}
	at sun.reflect.NativeConstructorAccessorImpl.newInstance0(Native Method)
	at sun.reflect.NativeConstructorAccessorImpl.newInstance(NativeConstructorAccessorImpl.java:62)
	at sun.reflect.DelegatingConstructorAccessorImpl.newInstance(DelegatingConstructorAccessorImpl.java:45)
	at java.lang.reflect.Constructor.newInstance(Constructor.java:422)
	at org.openqa.selenium.remote.ErrorHandler.createThrowable(ErrorHandler.java:206)
	at org.openqa.selenium.remote.ErrorHandler.throwIfResponseFailed(ErrorHandler.java:158)
	at org.openqa.selenium.remote.RemoteWebDriver.execute(RemoteWebDriver.java:595)
	at org.openqa.selenium.remote.RemoteWebDriver.findElement(RemoteWebDriver.java:348)
	at org.openqa.selenium.remote.RemoteWebDriver.findElementByXPath(RemoteWebDriver.java:445)
	at org.openqa.selenium.By$ByXPath.findElement(By.java:358)
	at org.openqa.selenium.remote.RemoteWebDriver.findElement(RemoteWebDriver.java:340)
	at com.oti.pom.OTIMenuItems.homeNavBar(OTIMenuItems.java:24)
	at com.webuitests.cuketests.OTIMenuITems_Validation_DeskTP.the_Home_nevbar_is_visible(OTIMenuITems_Validation_DeskTP.java:29)
	at ✽.Then the 'Home' nevbar menuitem is visible(verifyhompage_menuitems.feature:19)
]]></failure>
</testcase>
</testsuite>
