<?xml version="1.0" encoding="UTF-8"?><testsuite failures="0" name="cucumber.runtime.formatter.JUnitFormatter" skipped="0" tests="1" time="17.707711">
<testcase classname="OTI Homepage Validation" name="Verify the menuitems visible under menu onmobile" time="17.707711">
<system-out><![CDATA[Given a visitor to OTI hompage using mobile browser.........................passed
When a vistor tap on the 'menu' nevbar......................................passed
Then the 'Home' nevbar menuitem is visible..................................passed
Then the 'View courses' nevbar menuitem is visible..........................passed
Then the 'Study online' nevbar menuitem is visible..........................passed
Then the 'How we support you' nevbar menuitem is visible....................passed
Then the 'Study online' nevbar menuitem is visible..........................passed
Then the 'Pricing' nevbar menuitem is visible...............................passed
Then the 'Why us?' nevbar menuitem is visible...............................passed
]]></system-out>
</testcase>
</testsuite>
