<?xml version="1.0" encoding="UTF-8" ?>
<testsuites>
  <testsuite failures="0" name="JUnitFormatter" package="cucumber.runtime.formatter" skipped="1" tests="1" time="3.545379">
    <testcase classname="OTI_Mobile_scenarios" name="Validation of Callapse and Expand" time="3.545379">
      <skipped><![CDATA[Given As a visitor viewing OTI hompage using mobile browser.................undefined
When vistor tap on the 'menu' nevbar........................................undefined
]]></skipped>

    </testcase>

  </testsuite>
</testsuites>
